<?xml version="1.0" encoding="UTF-8"?>
<testng-results total="3" passed="3" failed="0" skipped="0">
  <reporter-output>
  </reporter-output>
  <suite started-at="2023-06-10T02:05:40Z" name="Suite" finished-at="2023-06-10T02:06:09Z" duration-ms="28759">
    <groups>
      <group name="cucumber">
        <method signature="AbstractTestNGCucumberTests.runScenario(io.cucumber.testng.PickleWrapper, io.cucumber.testng.FeatureWrapper)[pri:0, instance:runner.TestRunner@45d84a20]" name="runScenario" class="io.cucumber.testng.AbstractTestNGCucumberTests"/>
      </group> <!-- cucumber -->
    </groups>
    <test started-at="2023-06-10T02:05:40Z" name="Test" finished-at="2023-06-10T02:06:09Z" duration-ms="28759">
      <class name="runner.TestRunner">
        <test-method is-config="true" signature="setUpClass()[pri:0, instance:runner.TestRunner@45d84a20]" started-at="2023-06-10T07:35:40Z" name="setUpClass" finished-at="2023-06-10T07:35:41Z" duration-ms="796" status="PASS">
          <reporter-output>
          </reporter-output>
        </test-method> <!-- setUpClass -->
        <test-method signature="runScenario(io.cucumber.testng.PickleWrapper, io.cucumber.testng.FeatureWrapper)[pri:0, instance:runner.TestRunner@45d84a20]" started-at="2023-06-10T07:35:41Z" name="runScenario" description="Runs Cucumber Scenarios" data-provider="scenarios" finished-at="2023-06-10T07:35:51Z" duration-ms="10032" status="PASS">
          <params>
            <param index="0">
              <value>
                <![CDATA["Search Selenium 3.0 in Google search page"]]>
              </value>
            </param>
            <param index="1">
              <value>
                <![CDATA["Optional[Perform Google Search based on requirement]"]]>
              </value>
            </param>
          </params>
          <reporter-output>
          </reporter-output>
        </test-method> <!-- runScenario -->
        <test-method signature="runScenario(io.cucumber.testng.PickleWrapper, io.cucumber.testng.FeatureWrapper)[pri:0, instance:runner.TestRunner@45d84a20]" started-at="2023-06-10T07:35:51Z" name="runScenario" description="Runs Cucumber Scenarios" data-provider="scenarios" finished-at="2023-06-10T07:36:00Z" duration-ms="8585" status="PASS">
          <params>
            <param index="0">
              <value>
                <![CDATA["Search Selenium 4.0 in Google search page"]]>
              </value>
            </param>
            <param index="1">
              <value>
                <![CDATA["Optional[Perform Google Search based on requirement]"]]>
              </value>
            </param>
          </params>
          <reporter-output>
          </reporter-output>
        </test-method> <!-- runScenario -->
        <test-method signature="runScenario(io.cucumber.testng.PickleWrapper, io.cucumber.testng.FeatureWrapper)[pri:0, instance:runner.TestRunner@45d84a20]" started-at="2023-06-10T07:36:00Z" name="runScenario" description="Runs Cucumber Scenarios" data-provider="scenarios" finished-at="2023-06-10T07:36:07Z" duration-ms="7766" status="PASS">
          <params>
            <param index="0">
              <value>
                <![CDATA["Search selenium interview questions in Google search page"]]>
              </value>
            </param>
            <param index="1">
              <value>
                <![CDATA["Optional[Perform Google Search based on requirement]"]]>
              </value>
            </param>
          </params>
          <reporter-output>
          </reporter-output>
        </test-method> <!-- runScenario -->
        <test-method is-config="true" signature="tearDownClass()[pri:0, instance:runner.TestRunner@45d84a20]" started-at="2023-06-10T07:36:07Z" name="tearDownClass" finished-at="2023-06-10T07:36:09Z" duration-ms="1541" status="PASS">
          <reporter-output>
          </reporter-output>
        </test-method> <!-- tearDownClass -->
      </class> <!-- runner.TestRunner -->
    </test> <!-- Test -->
  </suite> <!-- Suite -->
</testng-results>
