<?xml version="1.0" encoding="UTF-8"?>
<testng-results ignored="0" total="2" passed="2" failed="0" skipped="0">
  <reporter-output>
  </reporter-output>
  <suite started-at="2023-07-29T08:58:25 IST" name="Default suite" finished-at="2023-07-29T08:59:05 IST" duration-ms="40607">
    <groups>
      <group name="cucumber">
        <method signature="AbstractTestNGCucumberTests.runScenario(io.cucumber.testng.PickleWrapper,io.cucumber.testng.FeatureWrapper)[pri:0, instance:runner.TestRunner@6356695f]" name="runScenario" class="io.cucumber.testng.AbstractTestNGCucumberTests"/>
      </group> <!-- cucumber -->
    </groups>
    <test started-at="2023-07-29T08:58:25 IST" name="Default test" finished-at="2023-07-29T08:59:05 IST" duration-ms="40607">
      <class name="runner.TestRunner">
        <test-method is-config="true" signature="setUpClass()[pri:0, instance:runner.TestRunner@6356695f]" started-at="2023-07-29T08:58:25 IST" name="setUpClass" finished-at="2023-07-29T08:58:26 IST" duration-ms="928" status="PASS">
          <reporter-output>
          </reporter-output>
        </test-method> <!-- setUpClass -->
        <test-method signature="runScenario(io.cucumber.testng.PickleWrapper,io.cucumber.testng.FeatureWrapper)[pri:0, instance:runner.TestRunner@6356695f]" started-at="2023-07-29T08:58:26 IST" name="runScenario" description="Runs Cucumber Scenarios" data-provider="scenarios" finished-at="2023-07-29T08:58:40 IST" duration-ms="14227" status="PASS">
          <params>
            <param index="0">
              <value>
                <![CDATA["test login page with valid test data"]]>
              </value>
            </param>
            <param index="1">
              <value>
                <![CDATA["Optional[testing Actitime login page/funcationality]"]]>
              </value>
            </param>
          </params>
          <reporter-output>
          </reporter-output>
        </test-method> <!-- runScenario -->
        <test-method signature="runScenario(io.cucumber.testng.PickleWrapper,io.cucumber.testng.FeatureWrapper)[pri:0, instance:runner.TestRunner@6356695f]" started-at="2023-07-29T08:58:40 IST" name="runScenario" description="Runs Cucumber Scenarios" data-provider="scenarios" finished-at="2023-07-29T08:59:03 IST" duration-ms="23350" status="PASS">
          <params>
            <param index="0">
              <value>
                <![CDATA["Verify PIM creation"]]>
              </value>
            </param>
            <param index="1">
              <value>
                <![CDATA["Optional[Test PIM functionality of OrangeHRM application]"]]>
              </value>
            </param>
          </params>
          <reporter-output>
          </reporter-output>
        </test-method> <!-- runScenario -->
        <test-method is-config="true" signature="tearDownClass()[pri:0, instance:runner.TestRunner@6356695f]" started-at="2023-07-29T08:59:03 IST" name="tearDownClass" finished-at="2023-07-29T08:59:05 IST" duration-ms="2048" status="PASS">
          <reporter-output>
          </reporter-output>
        </test-method> <!-- tearDownClass -->
      </class> <!-- runner.TestRunner -->
    </test> <!-- Default test -->
  </suite> <!-- Default suite -->
</testng-results>
